<?xml version="1.0" encoding="UTF-8"?>
<!-- Generated by org.testng.reporters.JUnitReportReporter -->
<testsuite skipped="0" hostname="DESKTOP-7B2H7EG" name="GIM.TestProjectFeb19.App" tests="1" failures="0" timestamp="17 May 2019 03:22:02 GMT" time="1.285" errors="0">
  <testcase name="switchWindow" time="1.285" classname="GIM.TestProjectFeb19.App"/>
</testsuite> <!-- GIM.TestProjectFeb19.App -->
