<?xml version="1.0" encoding="UTF-8"?>
<!-- Generated by org.testng.reporters.JUnitReportReporter -->
<testsuite skipped="0" hostname="DESKTOP-7B2H7EG" name="GIM.TestProjectFeb19.AppTest" tests="1" failures="0" timestamp="24 May 2019 03:40:28 GMT" time="1.510" errors="0">
  <testcase name="openForm" time="1.510" classname="GIM.TestProjectFeb19.AppTest"/>
</testsuite> <!-- GIM.TestProjectFeb19.AppTest -->
