<?xml version="1.0" encoding="UTF-8"?>
<!-- Generated by org.testng.reporters.JUnitReportReporter -->
<testsuite skipped="0" hostname="DESKTOP-7B2H7EG" name="com.mercurytours.registration" tests="1" failures="0" timestamp="03 May 2019 02:53:42 GMT" time="4.803" errors="0">
  <testcase name="waytoAutomationRegistration" time="4.803" classname="com.mercurytours.registration"/>
</testsuite> <!-- com.mercurytours.registration -->
